<?xml version="1.0" encoding="UTF-8"?>
<testsuite xmlns:xsi="http://www.w3.org/2001/XMLSchema-instance" xsi:noNamespaceSchemaLocation="https://maven.apache.org/surefire/maven-surefire-plugin/xsd/surefire-test-report-3.0.xsd" version="3.0" name="br.com.hospitalmanagementsystem.hospitalmanagementsystem.HospitalManagementSystemApplicationTests" time="10.675" tests="1" errors="0" skipped="0" failures="0">
  <properties>
[...]
</properties>
  <testcase name="contextLoads" classname="br.com.hospitalmanagementsystem.hospitalmanagementsystem.HospitalManagementSystemApplicationTests" time="1.123">
    <system-out><![CDATA[01:16:13.977 [main] INFO org.springframework.test.context.support.AnnotationConfigContextLoaderUtils -- Could not detect default configuration classes for test class [br.com.hospitalmanagementsystem.hospitalmanagementsystem.HospitalManagementSystemApplicationTests]: HospitalManagementSystemApplicationTests does not declare any static, non-private, non-final, nested classes annotated with @Configuration.
01:16:14.283 [main] INFO org.springframework.boot.test.context.SpringBootTestContextBootstrapper -- Found @SpringBootConfiguration br.com.hospitalmanagementsystem.hospitalmanagementsystem.HospitalManagementSystemApplication for test class br.com.hospitalmanagementsystem.hospitalmanagementsystem.HospitalManagementSystemApplicationTests

  .   ____          _            __ _ _
 /\\ / ___'_ __ _ _(_)_ __  __ _ \ \ \ \
( ( )\___ | '_ | '_| | '_ \/ _` | \ \ \ \
 \\/  ___)| |_)| | | | | || (_| |  ) ) ) )
  '  |____| .__|_| |_|_| |_\__, | / / / /
 =========|_|==============|___/=/_/_/_/
 :: Spring Boot ::                (v3.1.3)

2023-11-01T01:16:15.076-03:00  INFO 13164 --- [           main] HospitalManagementSystemApplicationTests : Starting HospitalManagementSystemApplicationTests using Java 17.0.9 with PID 13164 (started by junio in C:\Users\junio\OneDrive\Área de Trabalho\APS Desenvolvimento Web\hospital-management-system\Backend)
2023-11-01T01:16:15.080-03:00  INFO 13164 --- [           main] HospitalManagementSystemApplicationTests : No active profile set, falling back to 1 default profile: "default"
2023-11-01T01:16:16.862-03:00  INFO 13164 --- [           main] .s.d.r.c.RepositoryConfigurationDelegate : Bootstrapping Spring Data JPA repositories in DEFAULT mode.
2023-11-01T01:16:16.989-03:00  INFO 13164 --- [           main] .s.d.r.c.RepositoryConfigurationDelegate : Finished Spring Data repository scanning in 109 ms. Found 1 JPA repository interfaces.
2023-11-01T01:16:17.911-03:00  INFO 13164 --- [           main] o.hibernate.jpa.internal.util.LogHelper  : HHH000204: Processing PersistenceUnitInfo [name: default]
2023-11-01T01:16:18.005-03:00  INFO 13164 --- [           main] org.hibernate.Version                    : HHH000412: Hibernate ORM core version 6.2.7.Final
2023-11-01T01:16:18.009-03:00  INFO 13164 --- [           main] org.hibernate.cfg.Environment            : HHH000406: Using bytecode reflection optimizer
2023-11-01T01:16:18.423-03:00  INFO 13164 --- [           main] o.h.b.i.BytecodeProviderInitiator        : HHH000021: Bytecode provider name : bytebuddy
2023-11-01T01:16:18.689-03:00  INFO 13164 --- [           main] o.s.o.j.p.SpringPersistenceUnitInfo      : No LoadTimeWeaver setup: ignoring JPA class transformer
2023-11-01T01:16:18.730-03:00  INFO 13164 --- [           main] com.zaxxer.hikari.HikariDataSource       : HikariPool-1 - Starting...
2023-11-01T01:16:19.104-03:00  INFO 13164 --- [           main] com.zaxxer.hikari.pool.HikariPool        : HikariPool-1 - Added connection org.postgresql.jdbc.PgConnection@5f0677f3
2023-11-01T01:16:19.107-03:00  INFO 13164 --- [           main] com.zaxxer.hikari.HikariDataSource       : HikariPool-1 - Start completed.
2023-11-01T01:16:19.697-03:00  INFO 13164 --- [           main] o.h.b.i.BytecodeProviderInitiator        : HHH000021: Bytecode provider name : bytebuddy
2023-11-01T01:16:20.713-03:00  INFO 13164 --- [           main] o.h.e.t.j.p.i.JtaPlatformInitiator       : HHH000490: Using JtaPlatform implementation: [org.hibernate.engine.transaction.jta.platform.internal.NoJtaPlatform]
2023-11-01T01:16:20.776-03:00  INFO 13164 --- [           main] j.LocalContainerEntityManagerFactoryBean : Initialized JPA EntityManagerFactory for persistence unit 'default'
2023-11-01T01:16:21.695-03:00  WARN 13164 --- [           main] JpaBaseConfiguration$JpaWebConfiguration : spring.jpa.open-in-view is enabled by default. Therefore, database queries may be performed during view rendering. Explicitly configure spring.jpa.open-in-view to disable this warning
2023-11-01T01:16:21.945-03:00  INFO 13164 --- [           main] o.s.s.web.DefaultSecurityFilterChain     : Will secure any request with [org.springframework.security.web.session.DisableEncodeUrlFilter@734a2c17, org.springframework.security.web.context.request.async.WebAsyncManagerIntegrationFilter@2d1f9ec3, org.springframework.security.web.context.SecurityContextHolderFilter@2559f65c, org.springframework.security.web.header.HeaderWriterFilter@7097ead6, org.springframework.security.web.authentication.logout.LogoutFilter@2cf669f2, br.com.hospitalmanagementsystem.hospitalmanagementsystem.Security.SecurityFilter@674fd531, org.springframework.security.web.savedrequest.RequestCacheAwareFilter@4d682397, org.springframework.security.web.servletapi.SecurityContextHolderAwareRequestFilter@5364b481, org.springframework.security.web.authentication.AnonymousAuthenticationFilter@148f94dc, org.springframework.security.web.session.SessionManagementFilter@5b16e486, org.springframework.security.web.access.ExceptionTranslationFilter@156f0281, org.springframework.security.web.access.intercept.AuthorizationFilter@65b7678a]
2023-11-01T01:16:23.061-03:00  INFO 13164 --- [           main] HospitalManagementSystemApplicationTests : Started HospitalManagementSystemApplicationTests in 8.461 seconds (process running for 10.852)
]]></system-out>
  </testcase>
</testsuite>